<?xml version="1.0" encoding="UTF-8"?>
<!-- Generated by org.testng.reporters.JUnitReportReporter -->
<testsuite hostname="LTIN618030" failures="0" tests="2" name="HamleysAutomationScripts.HamleysTestNG" time="44.277" errors="0" timestamp="2025-07-21T12:10:30 IST" skipped="0">
  <testcase classname="HamleysAutomationScripts.HamleysTestNG" name="testHamleysProductCount" time="23.087"/>
  <testcase classname="HamleysAutomationScripts.HamleysTestNG" name="testHamleysProductCount" time="21.190"/>
</testsuite> <!-- HamleysAutomationScripts.HamleysTestNG -->
